<?xml version="1.0" encoding="UTF-8" ?>
<testsuite tests="4" failures="0" name="com.vikras.TaskTest" time="0.002" errors="0" skipped="0">
  <properties>
    <property name="idea.version" value="2020.3.1"/>
    <property name="java.runtime.name" value="Java(TM) SE Runtime Environment"/>
    <property name="java.vm.version" value="15.0.2+7-27"/>
    <property name="sun.boot.library.path" value="/usr/lib/jvm/java-15-oracle/lib"/>
    <property name="maven.multiModuleProjectDirectory" value="/home/viktor/temp_folder/java_projects/kg/lab01/color-converter"/>
    <property name="java.vm.vendor" value="Oracle Corporation"/>
    <property name="java.vendor.url" value="https://java.oracle.com/"/>
    <property name="guice.disable.misplaced.annotation.check" value="true"/>
    <property name="path.separator" value=":"/>
    <property name="java.vm.name" value="Java HotSpot(TM) 64-Bit Server VM"/>
    <property name="user.country" value="RU"/>
    <property name="sun.java.launcher" value="SUN_STANDARD"/>
    <property name="java.vm.specification.name" value="Java Virtual Machine Specification"/>
    <property name="user.dir" value="/home/viktor/temp_folder/java_projects/kg/lab01/color-converter"/>
    <property name="java.vm.compressedOopsMode" value="Zero based"/>
    <property name="java.runtime.version" value="15.0.2+7-27"/>
    <property name="os.arch" value="amd64"/>
    <property name="java.io.tmpdir" value="/tmp"/>
    <property name="line.separator" value="
"/>
    <property name="java.vm.specification.vendor" value="Oracle Corporation"/>
    <property name="os.name" value="Linux"/>
    <property name="maven.ext.class.path" value="/home/viktor/.local/share/JetBrains/Toolbox/apps/IDEA-U/ch-0/203.6682.168/plugins/maven/lib/maven-event-listener.jar"/>
    <property name="classworlds.conf" value="/home/viktor/.local/share/JetBrains/Toolbox/apps/IDEA-U/ch-0/203.6682.168/plugins/maven/lib/maven3/bin/m2.conf"/>
    <property name="sun.jnu.encoding" value="UTF-8"/>
    <property name="java.library.path" value="/usr/java/packages/lib:/usr/lib64:/lib64:/lib:/usr/lib"/>
    <property name="maven.conf" value="/home/viktor/.local/share/JetBrains/Toolbox/apps/IDEA-U/ch-0/203.6682.168/plugins/maven/lib/maven3/conf"/>
    <property name="jdk.debug" value="release"/>
    <property name="java.class.version" value="59.0"/>
    <property name="java.specification.name" value="Java Platform API Specification"/>
    <property name="sun.management.compiler" value="HotSpot 64-Bit Tiered Compilers"/>
    <property name="os.version" value="5.4.0-64-generic"/>
    <property name="user.home" value="/home/viktor"/>
    <property name="user.timezone" value="Europe/Minsk"/>
    <property name="file.encoding" value="UTF-8"/>
    <property name="java.specification.version" value="15"/>
    <property name="user.name" value="viktor"/>
    <property name="java.class.path" value="/home/viktor/.local/share/JetBrains/Toolbox/apps/IDEA-U/ch-0/203.6682.168/plugins/maven/lib/maven3/boot/plexus-classworlds.license:/home/viktor/.local/share/JetBrains/Toolbox/apps/IDEA-U/ch-0/203.6682.168/plugins/maven/lib/maven3/boot/plexus-classworlds-2.6.0.jar"/>
    <property name="java.vm.specification.version" value="15"/>
    <property name="sun.arch.data.model" value="64"/>
    <property name="sun.java.command" value="org.codehaus.classworlds.Launcher -Didea.version=2020.3.1 install"/>
    <property name="java.home" value="/usr/lib/jvm/java-15-oracle"/>
    <property name="user.language" value="ru"/>
    <property name="java.specification.vendor" value="Oracle Corporation"/>
    <property name="java.vm.info" value="mixed mode, sharing"/>
    <property name="java.version" value="15.0.2"/>
    <property name="securerandom.source" value="file:/dev/./urandom"/>
    <property name="java.vendor" value="Oracle Corporation"/>
    <property name="maven.home" value="/home/viktor/.local/share/JetBrains/Toolbox/apps/IDEA-U/ch-0/203.6682.168/plugins/maven/lib/maven3"/>
    <property name="file.separator" value="/"/>
    <property name="java.version.date" value="2021-01-19"/>
    <property name="java.vendor.url.bug" value="https://bugreport.java.com/bugreport/"/>
    <property name="sun.io.unicode.encoding" value="UnicodeLittle"/>
    <property name="sun.cpu.endian" value="little"/>
  </properties>
  <testcase classname="com.vikras.TaskTest" name="cmyk2hsl" time="0.001"/>
  <testcase classname="com.vikras.TaskTest" name="hsl2cmyk" time="0"/>
  <testcase classname="com.vikras.TaskTest" name="rgb2hsl" time="0.001"/>
  <testcase classname="com.vikras.TaskTest" name="hsl2rgb" time="0"/>
</testsuite>